<?xml version="1.0" encoding="UTF-8"?>
<testsuite name="PingPongTest" tests="4" skipped="0" failures="0" errors="0" timestamp="2015-08-10T19:01:49" hostname="epicodus-103.local" time="0.005">
  <properties/>
  <testcase name="pingPong_ForNumbersDivisibleByFive_true" classname="PingPongTest" time="0.003"/>
  <testcase name="pingPong_ForNumbersDivisibleByThree_true" classname="PingPongTest" time="0.0"/>
  <testcase name="pingPong_forLengthOfArrayList_true" classname="PingPongTest" time="0.0"/>
  <testcase name="pingPong_ForNumbersDivisbleByThreeAndFive_true" classname="PingPongTest" time="0.0"/>
  <system-out><![CDATA[]]></system-out>
  <system-err><![CDATA[]]></system-err>
</testsuite>
